<?xml version="1.0" encoding="UTF-8"?>
<!-- Generated by org.testng.reporters.JUnitReportReporter -->
<testsuite hostname="DESKTOP-346RFLV" failures="0" tests="2" name="testNG.annotations.testcases.AnnotationsDemo1" time="0.018" errors="0" timestamp="2022-10-11T23:03:59 EDT" skipped="0">
  <testcase classname="testNG.annotations.testcases.AnnotationsDemo1" name="login" time="0.012"/>
  <system-out/>
  <testcase classname="testNG.annotations.testcases.AnnotationsDemo1" name="createAccount" time="0.006"/>
  <system-out/>
</testsuite> <!-- testNG.annotations.testcases.AnnotationsDemo1 -->
