<?xml version="1.0" encoding="UTF-8"?>
<!-- Generated by org.testng.reporters.JUnitReportReporter -->
<testsuite hostname="DESKTOP-346RFLV" failures="0" tests="3" name="dataProviderDemo.DataProviderExample1" time="0.030" errors="0" timestamp="2022-10-12T12:15:38 EDT" skipped="0">
  <testcase classname="dataProviderDemo.DataProviderExample1" name="login" time="0.006"/>
  <system-out/>
  <testcase classname="dataProviderDemo.DataProviderExample1" name="login" time="0.003"/>
  <system-out/>
  <testcase classname="dataProviderDemo.DataProviderExample1" name="login" time="0.021"/>
  <system-out/>
</testsuite> <!-- dataProviderDemo.DataProviderExample1 -->
