<?xml version="1.0" encoding="UTF-8"?>
<!-- Generated by org.testng.reporters.JUnitReportReporter -->
<testsuite hostname="DESKTOP-346RFLV" failures="0" tests="2" name="testNG.annotations.testcases.GroupingExample" time="0.025" errors="0" timestamp="2022-10-12T00:07:30 EDT" skipped="0">
  <testcase classname="testNG.annotations.testcases.GroupingExample" name="Test4" time="0.007"/>
  <system-out/>
  <testcase classname="testNG.annotations.testcases.GroupingExample" name="Test3" time="0.018"/>
  <system-out/>
</testsuite> <!-- testNG.annotations.testcases.GroupingExample -->
