<?xml version="1.0" encoding="UTF-8"?>
<!-- Generated by org.testng.reporters.JUnitReportReporter -->
<testsuite hostname="DESKTOP-346RFLV" failures="0" tests="12" name="dataProviderDemo.DataProviderFileTest" time="0.042" errors="0" timestamp="2022-10-13T14:18:19 EDT" skipped="0">
  <testcase classname="dataProviderDemo.DataProviderFileTest" name="test" time="0.004"/>
  <system-out/>
  <testcase classname="dataProviderDemo.DataProviderFileTest" name="test2" time="0.002"/>
  <system-out/>
  <testcase classname="dataProviderDemo.DataProviderFileTest" name="test1" time="0.006"/>
  <system-out/>
  <testcase classname="dataProviderDemo.DataProviderFileTest" name="test1" time="0.002"/>
  <system-out/>
  <testcase classname="dataProviderDemo.DataProviderFileTest" name="test" time="0.011"/>
  <system-out/>
  <testcase classname="dataProviderDemo.DataProviderFileTest" name="test" time="0.002"/>
  <system-out/>
  <testcase classname="dataProviderDemo.DataProviderFileTest" name="test2" time="0.002"/>
  <system-out/>
  <testcase classname="dataProviderDemo.DataProviderFileTest" name="test1" time="0.004"/>
  <system-out/>
  <testcase classname="dataProviderDemo.DataProviderFileTest" name="test1" time="0.002"/>
  <system-out/>
  <testcase classname="dataProviderDemo.DataProviderFileTest" name="test2" time="0.003"/>
  <system-out/>
  <testcase classname="dataProviderDemo.DataProviderFileTest" name="test2" time="0.002"/>
  <system-out/>
  <testcase classname="dataProviderDemo.DataProviderFileTest" name="test" time="0.002"/>
  <system-out/>
</testsuite> <!-- dataProviderDemo.DataProviderFileTest -->
