<?xml version="1.0" encoding="UTF-8"?>
<!-- Generated by org.testng.reporters.JUnitReportReporter -->
<testsuite hostname="DESKTOP-346RFLV" failures="0" tests="1" name="testNG.revision.testcases.SecondTestCase" time="0.024" errors="0" timestamp="2022-10-11T19:27:50 EDT" skipped="0">
  <testcase classname="testNG.revision.testcases.SecondTestCase" name="searchCustomer" time="0.024"/>
  <system-out/>
</testsuite> <!-- testNG.revision.testcases.SecondTestCase -->
