<?xml version="1.0" encoding="UTF-8"?>
<!-- Generated by org.testng.reporters.JUnitReportReporter -->
<testsuite hostname="DESKTOP-346RFLV" failures="0" tests="4" name="testNG.annotations.testcases.SecondTestCase" time="0.018" errors="0" timestamp="2022-10-11T23:19:00 EDT" skipped="1">
  <testcase classname="testNG.annotations.testcases.SecondTestCase" name="setup" time="0.007"/>
  <system-out/>
  <testcase classname="testNG.annotations.testcases.SecondTestCase" name="addCustomer" time="0.005"/>
  <system-out/>
  <testcase classname="testNG.annotations.testcases.SecondTestCase" name="searchCustomer" time="0.006"/>
  <system-out/>
  <testcase classname="testNG.annotations.testcases.SecondTestCase" name="tearDown">
    <skipped/>
  </testcase> <!-- tearDown -->
  <system-out/>
</testsuite> <!-- testNG.annotations.testcases.SecondTestCase -->
