<?xml version="1.0" encoding="UTF-8"?>
<!-- Generated by org.testng.reporters.JUnitReportReporter -->
<testsuite hostname="DESKTOP-346RFLV" failures="0" tests="4" name="dataProviderDemo.DataProviderDemoTest2" time="47.877" errors="0" timestamp="2022-10-13T13:58:58 EDT" skipped="0">
  <testcase classname="dataProviderDemo.DataProviderDemoTest2" name="loginTest" time="5.988"/>
  <system-out/>
  <testcase classname="dataProviderDemo.DataProviderDemoTest2" name="loginTest" time="10.333"/>
  <system-out/>
  <testcase classname="dataProviderDemo.DataProviderDemoTest2" name="loginTest" time="6.614"/>
  <system-out/>
  <testcase classname="dataProviderDemo.DataProviderDemoTest2" name="loginTest" time="24.942"/>
  <system-out/>
</testsuite> <!-- dataProviderDemo.DataProviderDemoTest2 -->
