<?xml version="1.0" encoding="UTF-8"?>
<!-- Generated by org.testng.reporters.JUnitReportReporter -->
<testsuite hostname="DESKTOP-346RFLV" failures="0" tests="3" name="dataProviderDemo.DataProviderExample2" time="0.041" errors="0" timestamp="2022-10-12T12:21:48 EDT" skipped="0">
  <testcase classname="dataProviderDemo.DataProviderExample2" name="login" time="0.002"/>
  <system-out/>
  <testcase classname="dataProviderDemo.DataProviderExample2" name="login" time="0.003"/>
  <system-out/>
  <testcase classname="dataProviderDemo.DataProviderExample2" name="login" time="0.036"/>
  <system-out/>
</testsuite> <!-- dataProviderDemo.DataProviderExample2 -->
