<?xml version="1.0" encoding="UTF-8"?>
<!-- Generated by org.testng.reporters.JUnitReportReporter -->
<testsuite hostname="DESKTOP-346RFLV" failures="0" tests="8" name="dataProviderDemo.DataProviderDemoTest" time="0.047" errors="0" timestamp="2022-10-13T13:42:33 EDT" skipped="0">
  <testcase classname="dataProviderDemo.DataProviderDemoTest" name="test" time="0.002"/>
  <system-out/>
  <testcase classname="dataProviderDemo.DataProviderDemoTest" name="test1" time="0.003"/>
  <system-out/>
  <testcase classname="dataProviderDemo.DataProviderDemoTest" name="test1" time="0.009"/>
  <system-out/>
  <testcase classname="dataProviderDemo.DataProviderDemoTest" name="test" time="0.013"/>
  <system-out/>
  <testcase classname="dataProviderDemo.DataProviderDemoTest" name="test" time="0.003"/>
  <system-out/>
  <testcase classname="dataProviderDemo.DataProviderDemoTest" name="test1" time="0.002"/>
  <system-out/>
  <testcase classname="dataProviderDemo.DataProviderDemoTest" name="test1" time="0.011"/>
  <system-out/>
  <testcase classname="dataProviderDemo.DataProviderDemoTest" name="test" time="0.004"/>
  <system-out/>
</testsuite> <!-- dataProviderDemo.DataProviderDemoTest -->
