<?xml version="1.0" encoding="UTF-8"?>
<!-- Generated by org.testng.reporters.JUnitReportReporter -->
<testsuite hostname="DESKTOP-346RFLV" failures="0" tests="3" name="FirstTestCase" time="0.077" errors="0" timestamp="2022-10-11T19:08:20 EDT" skipped="0">
  <testcase classname="FirstTestCase" name="tearDown" time="0.012"/>
  <system-out/>
  <testcase classname="FirstTestCase" name="setUp" time="0.013"/>
  <system-out/>
  <testcase classname="FirstTestCase" name="login" time="0.052"/>
  <system-out/>
</testsuite> <!-- FirstTestCase -->
