<?xml version="1.0" encoding="UTF-8"?>
<!-- Generated by org.testng.reporters.JUnitReportReporter -->
<testsuite hostname="DESKTOP-346RFLV" failures="0" tests="3" name="testNG.annotations.testcases.FirstTestCase" time="0.032" errors="0" timestamp="2022-10-11T23:19:00 EDT" skipped="0">
  <testcase classname="testNG.annotations.testcases.FirstTestCase" name="setUp" time="0.018"/>
  <system-out/>
  <testcase classname="testNG.annotations.testcases.FirstTestCase" name="login" time="0.007"/>
  <system-out/>
  <testcase classname="testNG.annotations.testcases.FirstTestCase" name="tearDown" time="0.007"/>
  <system-out/>
</testsuite> <!-- testNG.annotations.testcases.FirstTestCase -->
