<?xml version="1.0" encoding="UTF-8"?>
<!-- Generated by org.testng.reporters.JUnitReportReporter -->
<testsuite hostname="DESKTOP-346RFLV" failures="0" tests="4" name="miscellaneousTests.ParametersExample" time="0.666" errors="0" timestamp="2022-10-13T12:42:02 EDT" skipped="0">
  <testcase classname="miscellaneousTests.ParametersExample" name="logoTest" time="0.540"/>
  <system-out/>
  <testcase classname="miscellaneousTests.ParametersExample" name="logoTest" time="0.089"/>
  <system-out/>
  <testcase classname="miscellaneousTests.ParametersExample" name="titleTest" time="0.011"/>
  <system-out/>
  <testcase classname="miscellaneousTests.ParametersExample" name="titleTest" time="0.026"/>
  <system-out/>
</testsuite> <!-- miscellaneousTests.ParametersExample -->
