<?xml version="1.0" encoding="UTF-8"?>
<!-- Generated by org.testng.reporters.JUnitReportReporter -->
<testsuite hostname="DESKTOP-346RFLV" failures="0" tests="2" name="parallelTesting.ParallelTest1" time="41.470" errors="0" timestamp="2022-10-12T15:31:30 EDT" skipped="0">
  <testcase classname="parallelTesting.ParallelTest1" name="logoTest" time="23.971"/>
  <system-out/>
  <testcase classname="parallelTesting.ParallelTest1" name="titleTest" time="17.499"/>
  <system-out/>
</testsuite> <!-- parallelTesting.ParallelTest1 -->
