<?xml version="1.0" encoding="UTF-8"?>
<!-- Generated by org.testng.reporters.JUnitReportReporter -->
<testsuite hostname="DESKTOP-346RFLV" failures="0" tests="1" name="parallelTesting.ParallelTest2" time="32.212" errors="0" timestamp="2022-10-12T15:31:30 EDT" skipped="0">
  <testcase classname="parallelTesting.ParallelTest2" name="loginTest" time="32.212"/>
  <system-out/>
</testsuite> <!-- parallelTesting.ParallelTest2 -->
