<?xml version="1.0" encoding="UTF-8"?>
<!-- Generated by org.testng.reporters.JUnitReportReporter -->
<testsuite hostname="DESKTOP-346RFLV" failures="0" tests="4" name="testNG.assertions.testcases.ParametersExample" time="0.365" errors="0" timestamp="2022-10-12T11:38:32 EDT" skipped="0">
  <testcase classname="testNG.assertions.testcases.ParametersExample" name="logoTest" time="0.156"/>
  <system-out/>
  <testcase classname="testNG.assertions.testcases.ParametersExample" name="logoTest" time="0.119"/>
  <system-out/>
  <testcase classname="testNG.assertions.testcases.ParametersExample" name="titleTest" time="0.031"/>
  <system-out/>
  <testcase classname="testNG.assertions.testcases.ParametersExample" name="titleTest" time="0.059"/>
  <system-out/>
</testsuite> <!-- testNG.assertions.testcases.ParametersExample -->
