<?xml version="1.0" encoding="UTF-8"?>
<!-- Generated by org.testng.reporters.JUnitReportReporter -->
<testsuite hostname="DESKTOP-346RFLV" failures="0" tests="3" name="testNG.revision.testcases.FirstTestCase" time="0.021" errors="0" timestamp="2022-10-11T19:24:29 EDT" skipped="0">
  <testcase classname="testNG.revision.testcases.FirstTestCase" name="setUp" time="0.015"/>
  <system-out/>
  <testcase classname="testNG.revision.testcases.FirstTestCase" name="login" time="0.003"/>
  <system-out/>
  <testcase classname="testNG.revision.testcases.FirstTestCase" name="tearDown" time="0.003"/>
  <system-out/>
</testsuite> <!-- testNG.revision.testcases.FirstTestCase -->
